C:\Users\beepboop\Documents\Visual Studio 2010\Projects\Heart\Debug\Heart.pdb
C:\Users\beepboop\Documents\Visual Studio 2010\Projects\Heart\Heart\Debug\cl.command.1.tlog
C:\Users\beepboop\Documents\Visual Studio 2010\Projects\Heart\Heart\Debug\CL.read.1.tlog
C:\Users\beepboop\Documents\Visual Studio 2010\Projects\Heart\Heart\Debug\CL.write.1.tlog
C:\Users\beepboop\Documents\Visual Studio 2010\Projects\Heart\Heart\Debug\Heart.exe.embed.manifest
C:\USERS\BEEPBOOP\DOCUMENTS\VISUAL STUDIO 2010\PROJECTS\HEART\HEART\DEBUG\HEART.EXE.EMBED.MANIFEST.RES
C:\Users\beepboop\Documents\Visual Studio 2010\Projects\Heart\Heart\Debug\Heart.exe.intermediate.manifest
C:\USERS\BEEPBOOP\DOCUMENTS\VISUAL STUDIO 2010\PROJECTS\HEART\HEART\DEBUG\HEART.OBJ
C:\USERS\BEEPBOOP\DOCUMENTS\VISUAL STUDIO 2010\PROJECTS\HEART\HEART\DEBUG\HEART.PCH
C:\Users\beepboop\Documents\Visual Studio 2010\Projects\Heart\Heart\Debug\Heart.vcxprojResolveAssemblyReference.cache
C:\Users\beepboop\Documents\Visual Studio 2010\Projects\Heart\Heart\Debug\Heart.write.1.tlog
C:\Users\beepboop\Documents\Visual Studio 2010\Projects\Heart\Heart\Debug\Heart_manifest.rc
C:\Users\beepboop\Documents\Visual Studio 2010\Projects\Heart\Heart\Debug\link.command.1.tlog
C:\Users\beepboop\Documents\Visual Studio 2010\Projects\Heart\Heart\Debug\link.read.1.tlog
C:\Users\beepboop\Documents\Visual Studio 2010\Projects\Heart\Heart\Debug\link.write.1.tlog
C:\Users\beepboop\Documents\Visual Studio 2010\Projects\Heart\Heart\Debug\link-cvtres.read.1.tlog
C:\Users\beepboop\Documents\Visual Studio 2010\Projects\Heart\Heart\Debug\link-cvtres.write.1.tlog
C:\Users\beepboop\Documents\Visual Studio 2010\Projects\Heart\Heart\Debug\rc.command.1.tlog
C:\Users\beepboop\Documents\Visual Studio 2010\Projects\Heart\Heart\Debug\rc.read.1.tlog
C:\Users\beepboop\Documents\Visual Studio 2010\Projects\Heart\Heart\Debug\rc.write.1.tlog
C:\USERS\BEEPBOOP\DOCUMENTS\VISUAL STUDIO 2010\PROJECTS\HEART\HEART\DEBUG\STDAFX.OBJ
C:\Users\beepboop\Documents\Visual Studio 2010\Projects\Heart\Heart\Debug\vc100.idb
C:\USERS\BEEPBOOP\DOCUMENTS\VISUAL STUDIO 2010\PROJECTS\HEART\HEART\DEBUG\VC100.PDB
